{"C:\\Users\\Matheus\\Desktop\\TCC_Pre_banca\\MVP\\DebitsMicroservice\\config\\custom.js":{"path":"C:\\Users\\Matheus\\Desktop\\TCC_Pre_banca\\MVP\\DebitsMicroservice\\config\\custom.js","s":{"1":1,"2":1,"3":1,"4":1,"5":1,"6":1,"7":1,"8":1,"9":1,"10":6,"11":1,"12":6,"13":6,"14":6,"15":6,"16":1,"17":1,"18":1,"19":1,"20":1},"b":{},"f":{"1":6},"fnMap":{"1":{"name":"(anonymous_1)","line":13,"loc":{"start":{"line":13,"column":15},"end":{"line":13,"column":35}}}},"statementMap":{"1":{"start":{"line":1,"column":0},"end":{"line":1,"column":35}},"2":{"start":{"line":2,"column":0},"end":{"line":2,"column":42}},"3":{"start":{"line":3,"column":0},"end":{"line":3,"column":35}},"4":{"start":{"line":4,"column":0},"end":{"line":4,"column":29}},"5":{"start":{"line":5,"column":0},"end":{"line":5,"column":54}},"6":{"start":{"line":6,"column":0},"end":{"line":6,"column":33}},"7":{"start":{"line":7,"column":0},"end":{"line":7,"column":45}},"8":{"start":{"line":9,"column":0},"end":{"line":9,"column":20}},"9":{"start":{"line":11,"column":0},"end":{"line":17,"column":4}},"10":{"start":{"line":14,"column":12},"end":{"line":14,"column":34}},"11":{"start":{"line":19,"column":0},"end":{"line":24,"column":3}},"12":{"start":{"line":20,"column":4},"end":{"line":20,"column":52}},"13":{"start":{"line":21,"column":4},"end":{"line":21,"column":98}},"14":{"start":{"line":22,"column":4},"end":{"line":22,"column":74}},"15":{"start":{"line":23,"column":4},"end":{"line":23,"column":11}},"16":{"start":{"line":26,"column":0},"end":{"line":26,"column":27}},"17":{"start":{"line":27,"column":0},"end":{"line":27,"column":51}},"18":{"start":{"line":28,"column":0},"end":{"line":28,"column":28}},"19":{"start":{"line":30,"column":0},"end":{"line":33,"column":15}},"20":{"start":{"line":35,"column":0},"end":{"line":35,"column":21}}},"branchMap":{}},"C:\\Users\\Matheus\\Desktop\\TCC_Pre_banca\\MVP\\DebitsMicroservice\\services\\logger.js":{"path":"C:\\Users\\Matheus\\Desktop\\TCC_Pre_banca\\MVP\\DebitsMicroservice\\services\\logger.js","s":{"1":1,"2":1,"3":1,"4":0,"5":1},"b":{"1":[0,1]},"f":{},"fnMap":{},"statementMap":{"1":{"start":{"line":1,"column":0},"end":{"line":1,"column":33}},"2":{"start":{"line":2,"column":0},"end":{"line":2,"column":23}},"3":{"start":{"line":4,"column":0},"end":{"line":6,"column":1}},"4":{"start":{"line":5,"column":4},"end":{"line":5,"column":25}},"5":{"start":{"line":8,"column":0},"end":{"line":18,"column":3}}},"branchMap":{"1":{"line":4,"type":"if","locations":[{"start":{"line":4,"column":0},"end":{"line":4,"column":0}},{"start":{"line":4,"column":0},"end":{"line":4,"column":0}}]}}},"C:\\Users\\Matheus\\Desktop\\TCC_Pre_banca\\MVP\\DebitsMicroservice\\persistence\\connectionFactory.js":{"path":"C:\\Users\\Matheus\\Desktop\\TCC_Pre_banca\\MVP\\DebitsMicroservice\\persistence\\connectionFactory.js","s":{"1":1,"2":1,"3":1,"4":1,"5":1,"6":1,"7":1,"8":1,"9":0,"10":1,"11":1,"12":1,"13":1,"14":1,"15":1,"16":1,"17":1,"18":1},"b":{},"f":{},"fnMap":{},"statementMap":{"1":{"start":{"line":1,"column":0},"end":{"line":1,"column":35}},"2":{"start":{"line":2,"column":0},"end":{"line":2,"column":40}},"3":{"start":{"line":4,"column":0},"end":{"line":4,"column":39}},"4":{"start":{"line":6,"column":0},"end":{"line":6,"column":34}},"5":{"start":{"line":7,"column":0},"end":{"line":7,"column":54}},"6":{"start":{"line":9,"column":0},"end":{"line":11,"column":3}},"7":{"start":{"line":10,"column":4},"end":{"line":10,"column":75}},"8":{"start":{"line":13,"column":0},"end":{"line":15,"column":3}},"9":{"start":{"line":14,"column":4},"end":{"line":14,"column":61}},"10":{"start":{"line":17,"column":0},"end":{"line":19,"column":3}},"11":{"start":{"line":18,"column":4},"end":{"line":18,"column":60}},"12":{"start":{"line":21,"column":0},"end":{"line":23,"column":3}},"13":{"start":{"line":22,"column":4},"end":{"line":22,"column":55}},"14":{"start":{"line":25,"column":0},"end":{"line":30,"column":3}},"15":{"start":{"line":26,"column":4},"end":{"line":29,"column":7}},"16":{"start":{"line":27,"column":8},"end":{"line":27,"column":88}},"17":{"start":{"line":28,"column":8},"end":{"line":28,"column":24}},"18":{"start":{"line":32,"column":0},"end":{"line":32,"column":26}}},"branchMap":{}},"C:\\Users\\Matheus\\Desktop\\TCC_Pre_banca\\MVP\\DebitsMicroservice\\config\\index.js":{"path":"C:\\Users\\Matheus\\Desktop\\TCC_Pre_banca\\MVP\\DebitsMicroservice\\config\\index.js","s":{"1":1,"2":1,"3":1},"b":{"1":[1,0]},"f":{},"fnMap":{},"statementMap":{"1":{"start":{"line":1,"column":0},"end":{"line":1,"column":41}},"2":{"start":{"line":2,"column":0},"end":{"line":2,"column":33}},"3":{"start":{"line":4,"column":0},"end":{"line":4,"column":24}}},"branchMap":{"1":{"line":1,"type":"binary-expr","locations":[{"start":{"line":1,"column":10},"end":{"line":1,"column":30}},{"start":{"line":1,"column":34},"end":{"line":1,"column":40}}]}}},"C:\\Users\\Matheus\\Desktop\\TCC_Pre_banca\\MVP\\DebitsMicroservice\\config\\test.js":{"path":"C:\\Users\\Matheus\\Desktop\\TCC_Pre_banca\\MVP\\DebitsMicroservice\\config\\test.js","s":{"1":1},"b":{"1":[1,1]},"f":{},"fnMap":{},"statementMap":{"1":{"start":{"line":1,"column":0},"end":{"line":5,"column":2}}},"branchMap":{"1":{"line":4,"type":"binary-expr","locations":[{"start":{"line":4,"column":10},"end":{"line":4,"column":26}},{"start":{"line":4,"column":30},"end":{"line":4,"column":34}}]}}},"C:\\Users\\Matheus\\Desktop\\TCC_Pre_banca\\MVP\\DebitsMicroservice\\persistence\\DebitDAO.js":{"path":"C:\\Users\\Matheus\\Desktop\\TCC_Pre_banca\\MVP\\DebitsMicroservice\\persistence\\DebitDAO.js","s":{"1":1,"2":1,"3":1,"4":1,"5":2,"6":2,"7":1,"8":1},"b":{},"f":{"1":1,"2":2},"fnMap":{"1":{"name":"(anonymous_1)","line":3,"loc":{"start":{"line":3,"column":15},"end":{"line":3,"column":39}}},"2":{"name":"(anonymous_2)","line":8,"loc":{"start":{"line":8,"column":13},"end":{"line":8,"column":35}}}},"statementMap":{"1":{"start":{"line":1,"column":0},"end":{"line":1,"column":45}},"2":{"start":{"line":4,"column":8},"end":{"line":4,"column":36}},"3":{"start":{"line":5,"column":8},"end":{"line":5,"column":29}},"4":{"start":{"line":6,"column":8},"end":{"line":6,"column":40}},"5":{"start":{"line":9,"column":8},"end":{"line":9,"column":69}},"6":{"start":{"line":10,"column":8},"end":{"line":10,"column":43}},"7":{"start":{"line":14,"column":0},"end":{"line":14,"column":32}},"8":{"start":{"line":14,"column":23},"end":{"line":14,"column":31}}},"branchMap":{}},"C:\\Users\\Matheus\\Desktop\\TCC_Pre_banca\\MVP\\DebitsMicroservice\\controllers\\debits.js":{"path":"C:\\Users\\Matheus\\Desktop\\TCC_Pre_banca\\MVP\\DebitsMicroservice\\controllers\\debits.js","s":{"1":1,"2":1,"3":1,"4":1,"5":1,"6":2,"7":2,"8":1,"9":1,"10":1},"b":{},"f":{},"fnMap":{},"statementMap":{"1":{"start":{"line":1,"column":0},"end":{"line":1,"column":57}},"2":{"start":{"line":2,"column":0},"end":{"line":2,"column":55}},"3":{"start":{"line":3,"column":0},"end":{"line":3,"column":45}},"4":{"start":{"line":5,"column":0},"end":{"line":16,"column":1}},"5":{"start":{"line":7,"column":4},"end":{"line":10,"column":7}},"6":{"start":{"line":8,"column":8},"end":{"line":8,"column":39}},"7":{"start":{"line":9,"column":8},"end":{"line":9,"column":40}},"8":{"start":{"line":12,"column":4},"end":{"line":15,"column":7}},"9":{"start":{"line":13,"column":8},"end":{"line":13,"column":40}},"10":{"start":{"line":14,"column":8},"end":{"line":14,"column":42}}},"branchMap":{}},"C:\\Users\\Matheus\\Desktop\\TCC_Pre_banca\\MVP\\DebitsMicroservice\\services\\ValidationService.js":{"path":"C:\\Users\\Matheus\\Desktop\\TCC_Pre_banca\\MVP\\DebitsMicroservice\\services\\ValidationService.js","s":{"1":1,"2":1,"3":2,"4":2,"5":2,"6":2,"7":2,"8":2,"9":1,"10":1,"11":1,"12":1,"13":4,"14":4,"15":4,"16":2,"17":2},"b":{"1":[1,1],"2":[2,2]},"f":{},"fnMap":{},"statementMap":{"1":{"start":{"line":1,"column":0},"end":{"line":1,"column":45}},"2":{"start":{"line":3,"column":0},"end":{"line":18,"column":1}},"3":{"start":{"line":5,"column":4},"end":{"line":5,"column":52}},"4":{"start":{"line":7,"column":4},"end":{"line":7,"column":81}},"5":{"start":{"line":8,"column":4},"end":{"line":8,"column":82}},"6":{"start":{"line":9,"column":4},"end":{"line":9,"column":83}},"7":{"start":{"line":11,"column":4},"end":{"line":11,"column":42}},"8":{"start":{"line":13,"column":4},"end":{"line":15,"column":5}},"9":{"start":{"line":14,"column":8},"end":{"line":14,"column":57}},"10":{"start":{"line":16,"column":4},"end":{"line":16,"column":50}},"11":{"start":{"line":17,"column":4},"end":{"line":17,"column":11}},"12":{"start":{"line":20,"column":0},"end":{"line":30,"column":1}},"13":{"start":{"line":22,"column":4},"end":{"line":22,"column":68}},"14":{"start":{"line":24,"column":4},"end":{"line":24,"column":42}},"15":{"start":{"line":26,"column":4},"end":{"line":28,"column":5}},"16":{"start":{"line":27,"column":8},"end":{"line":27,"column":57}},"17":{"start":{"line":29,"column":4},"end":{"line":29,"column":11}}},"branchMap":{"1":{"line":13,"type":"if","locations":[{"start":{"line":13,"column":4},"end":{"line":13,"column":4}},{"start":{"line":13,"column":4},"end":{"line":13,"column":4}}]},"2":{"line":26,"type":"if","locations":[{"start":{"line":26,"column":4},"end":{"line":26,"column":4}},{"start":{"line":26,"column":4},"end":{"line":26,"column":4}}]}}},"C:\\Users\\Matheus\\Desktop\\TCC_Pre_banca\\MVP\\DebitsMicroservice\\services\\MongoService.js":{"path":"C:\\Users\\Matheus\\Desktop\\TCC_Pre_banca\\MVP\\DebitsMicroservice\\services\\MongoService.js","s":{"1":1,"2":1,"3":1,"4":1,"5":1,"6":1,"7":1,"8":1,"9":1,"10":0,"11":0,"12":0,"13":1,"14":1,"15":1,"16":1,"17":2,"18":2,"19":2,"20":2,"21":2,"22":2,"23":0,"24":0,"25":0,"26":2,"27":1,"28":1,"29":1,"30":1,"31":1,"32":1},"b":{"1":[0,1],"2":[0,2],"3":[1,1],"4":[2,1,1]},"f":{},"fnMap":{},"statementMap":{"1":{"start":{"line":1,"column":0},"end":{"line":1,"column":45}},"2":{"start":{"line":3,"column":0},"end":{"line":22,"column":1}},"3":{"start":{"line":5,"column":4},"end":{"line":5,"column":59}},"4":{"start":{"line":6,"column":4},"end":{"line":6,"column":48}},"5":{"start":{"line":7,"column":4},"end":{"line":7,"column":50}},"6":{"start":{"line":9,"column":4},"end":{"line":9,"column":25}},"7":{"start":{"line":10,"column":4},"end":{"line":10,"column":31}},"8":{"start":{"line":12,"column":4},"end":{"line":21,"column":7}},"9":{"start":{"line":13,"column":8},"end":{"line":17,"column":9}},"10":{"start":{"line":14,"column":12},"end":{"line":14,"column":74}},"11":{"start":{"line":15,"column":12},"end":{"line":15,"column":29}},"12":{"start":{"line":16,"column":12},"end":{"line":16,"column":19}},"13":{"start":{"line":18,"column":8},"end":{"line":18,"column":29}},"14":{"start":{"line":19,"column":8},"end":{"line":19,"column":59}},"15":{"start":{"line":20,"column":8},"end":{"line":20,"column":15}},"16":{"start":{"line":24,"column":0},"end":{"line":48,"column":1}},"17":{"start":{"line":26,"column":4},"end":{"line":26,"column":34}},"18":{"start":{"line":28,"column":4},"end":{"line":28,"column":59}},"19":{"start":{"line":29,"column":4},"end":{"line":29,"column":48}},"20":{"start":{"line":30,"column":4},"end":{"line":30,"column":50}},"21":{"start":{"line":32,"column":4},"end":{"line":47,"column":7}},"22":{"start":{"line":33,"column":8},"end":{"line":46,"column":9}},"23":{"start":{"line":34,"column":12},"end":{"line":34,"column":29}},"24":{"start":{"line":35,"column":12},"end":{"line":35,"column":79}},"25":{"start":{"line":36,"column":12},"end":{"line":36,"column":19}},"26":{"start":{"line":37,"column":15},"end":{"line":46,"column":9}},"27":{"start":{"line":38,"column":12},"end":{"line":38,"column":42}},"28":{"start":{"line":39,"column":12},"end":{"line":39,"column":65}},"29":{"start":{"line":40,"column":12},"end":{"line":40,"column":19}},"30":{"start":{"line":43,"column":12},"end":{"line":43,"column":33}},"31":{"start":{"line":44,"column":12},"end":{"line":44,"column":43}},"32":{"start":{"line":45,"column":12},"end":{"line":45,"column":19}}},"branchMap":{"1":{"line":13,"type":"if","locations":[{"start":{"line":13,"column":8},"end":{"line":13,"column":8}},{"start":{"line":13,"column":8},"end":{"line":13,"column":8}}]},"2":{"line":33,"type":"if","locations":[{"start":{"line":33,"column":8},"end":{"line":33,"column":8}},{"start":{"line":33,"column":8},"end":{"line":33,"column":8}}]},"3":{"line":37,"type":"if","locations":[{"start":{"line":37,"column":15},"end":{"line":37,"column":15}},{"start":{"line":37,"column":15},"end":{"line":37,"column":15}}]},"4":{"line":37,"type":"binary-expr","locations":[{"start":{"line":37,"column":19},"end":{"line":37,"column":32}},{"start":{"line":37,"column":36},"end":{"line":37,"column":66}},{"start":{"line":37,"column":70},"end":{"line":37,"column":85}}]}}},"C:\\Users\\Matheus\\Desktop\\TCC_Pre_banca\\MVP\\DebitsMicroservice\\model\\ModelDebits.js":{"path":"C:\\Users\\Matheus\\Desktop\\TCC_Pre_banca\\MVP\\DebitsMicroservice\\model\\ModelDebits.js","s":{"1":1,"2":1,"3":1,"4":1,"5":3},"b":{},"f":{},"fnMap":{},"statementMap":{"1":{"start":{"line":1,"column":0},"end":{"line":1,"column":35}},"2":{"start":{"line":2,"column":0},"end":{"line":2,"column":29}},"3":{"start":{"line":4,"column":0},"end":{"line":11,"column":1}},"4":{"start":{"line":13,"column":0},"end":{"line":13,"column":57}},"5":{"start":{"line":13,"column":25},"end":{"line":13,"column":56}}},"branchMap":{}}}