TN:
SF:C:\Users\Matheus\Desktop\TCC_Pre_banca\MVP\DebitsMicroservice\config\custom.js
FN:13,(anonymous_1)
FNF:1
FNH:1
FNDA:6,(anonymous_1)
DA:1,1
DA:2,1
DA:3,1
DA:4,1
DA:5,1
DA:6,1
DA:7,1
DA:9,1
DA:11,1
DA:14,6
DA:19,1
DA:20,6
DA:21,6
DA:22,6
DA:23,6
DA:26,1
DA:27,1
DA:28,1
DA:30,1
DA:35,1
LF:20
LH:20
BRF:0
BRH:0
end_of_record
TN:
SF:C:\Users\Matheus\Desktop\TCC_Pre_banca\MVP\DebitsMicroservice\services\logger.js
FNF:0
FNH:0
DA:1,1
DA:2,1
DA:4,1
DA:5,0
DA:8,1
LF:5
LH:4
BRDA:4,1,0,0
BRDA:4,1,1,1
BRF:2
BRH:1
end_of_record
TN:
SF:C:\Users\Matheus\Desktop\TCC_Pre_banca\MVP\DebitsMicroservice\persistence\connectionFactory.js
FNF:0
FNH:0
DA:1,1
DA:2,1
DA:4,1
DA:6,1
DA:7,1
DA:9,1
DA:10,1
DA:13,1
DA:14,0
DA:17,1
DA:18,1
DA:21,1
DA:22,1
DA:25,1
DA:26,1
DA:27,1
DA:28,1
DA:32,1
LF:18
LH:17
BRF:0
BRH:0
end_of_record
TN:
SF:C:\Users\Matheus\Desktop\TCC_Pre_banca\MVP\DebitsMicroservice\config\index.js
FNF:0
FNH:0
DA:1,1
DA:2,1
DA:4,1
LF:3
LH:3
BRDA:1,1,0,1
BRDA:1,1,1,0
BRF:2
BRH:1
end_of_record
TN:
SF:C:\Users\Matheus\Desktop\TCC_Pre_banca\MVP\DebitsMicroservice\config\test.js
FNF:0
FNH:0
DA:1,1
LF:1
LH:1
BRDA:4,1,0,1
BRDA:4,1,1,1
BRF:2
BRH:2
end_of_record
TN:
SF:C:\Users\Matheus\Desktop\TCC_Pre_banca\MVP\DebitsMicroservice\persistence\DebitDAO.js
FN:3,(anonymous_1)
FN:8,(anonymous_2)
FNF:2
FNH:2
FNDA:1,(anonymous_1)
FNDA:2,(anonymous_2)
DA:1,1
DA:4,1
DA:5,1
DA:6,1
DA:9,2
DA:10,2
DA:14,1
LF:7
LH:7
BRF:0
BRH:0
end_of_record
TN:
SF:C:\Users\Matheus\Desktop\TCC_Pre_banca\MVP\DebitsMicroservice\controllers\debits.js
FNF:0
FNH:0
DA:1,1
DA:2,1
DA:3,1
DA:5,1
DA:7,1
DA:8,2
DA:9,2
DA:12,1
DA:13,1
DA:14,1
LF:10
LH:10
BRF:0
BRH:0
end_of_record
TN:
SF:C:\Users\Matheus\Desktop\TCC_Pre_banca\MVP\DebitsMicroservice\services\ValidationService.js
FNF:0
FNH:0
DA:1,1
DA:3,1
DA:5,2
DA:7,2
DA:8,2
DA:9,2
DA:11,2
DA:13,2
DA:14,1
DA:16,1
DA:17,1
DA:20,1
DA:22,4
DA:24,4
DA:26,4
DA:27,2
DA:29,2
LF:17
LH:17
BRDA:13,1,0,1
BRDA:13,1,1,1
BRDA:26,2,0,2
BRDA:26,2,1,2
BRF:4
BRH:4
end_of_record
TN:
SF:C:\Users\Matheus\Desktop\TCC_Pre_banca\MVP\DebitsMicroservice\services\MongoService.js
FNF:0
FNH:0
DA:1,1
DA:3,1
DA:5,1
DA:6,1
DA:7,1
DA:9,1
DA:10,1
DA:12,1
DA:13,1
DA:14,0
DA:15,0
DA:16,0
DA:18,1
DA:19,1
DA:20,1
DA:24,1
DA:26,2
DA:28,2
DA:29,2
DA:30,2
DA:32,2
DA:33,2
DA:34,0
DA:35,0
DA:36,0
DA:37,2
DA:38,1
DA:39,1
DA:40,1
DA:43,1
DA:44,1
DA:45,1
LF:32
LH:26
BRDA:13,1,0,0
BRDA:13,1,1,1
BRDA:33,2,0,0
BRDA:33,2,1,2
BRDA:37,3,0,1
BRDA:37,3,1,1
BRDA:37,4,0,2
BRDA:37,4,1,1
BRDA:37,4,2,1
BRF:9
BRH:7
end_of_record
TN:
SF:C:\Users\Matheus\Desktop\TCC_Pre_banca\MVP\DebitsMicroservice\model\ModelDebits.js
FNF:0
FNH:0
DA:1,1
DA:2,1
DA:4,1
DA:13,3
LF:4
LH:4
BRF:0
BRH:0
end_of_record
